build/app/intermediates/manifest_merge_blame_file/release/processReleaseMainManifest/manifest-merger-blame-release-report.txt
1<?xml version="1.0" encoding="utf-8"?>
2<manifest xmlns:android="http://schemas.android.com/apk/res/android"
3    package="com.fivemonkeygames"
4    android:versionCode="1"
5    android:versionName="1.0.0" >
6
7    <uses-sdk
8        android:minSdkVersion="21"
9        android:targetSdkVersion="34" />
10    <!-- Provide required visibility configuration for API level 30 and above -->
11    <queries>
11-->src\main\AndroidManifest.xml:4:5-10:15
12        <intent>
12-->src\main\AndroidManifest.xml:5:9-9:18
13            <action android:name="android.intent.action.VIEW" />
13-->src\main\AndroidManifest.xml:6:13-65
13-->src\main\AndroidManifest.xml:6:21-62
14
15            <category android:name="android.intent.category.BROWSABLE" />
15-->src\main\AndroidManifest.xml:7:13-74
15-->src\main\AndroidManifest.xml:7:23-71
16
17            <data android:scheme="https" />
17-->src\main\AndroidManifest.xml:8:13-44
17-->src\main\AndroidManifest.xml:8:19-41
18        </intent>
19        <intent>
19-->[com.appsflyer:af-android-sdk:6.15.2] AndroidManifest.xml:11:9-13:18
20            <action android:name="com.appsflyer.referrer.INSTALL_PROVIDER" />
20-->[com.appsflyer:af-android-sdk:6.15.2] AndroidManifest.xml:12:13-78
20-->[com.appsflyer:af-android-sdk:6.15.2] AndroidManifest.xml:12:21-75
21        </intent>
22
23        <package android:name="com.facebook.katana" />
23-->[com.appsflyer:af-android-sdk:6.15.2] AndroidManifest.xml:16:9-55
23-->[com.appsflyer:af-android-sdk:6.15.2] AndroidManifest.xml:16:18-52
24        <package android:name="com.instagram.android" />
24-->[com.appsflyer:af-android-sdk:6.15.2] AndroidManifest.xml:19:9-57
24-->[com.appsflyer:af-android-sdk:6.15.2] AndroidManifest.xml:19:18-54
25        <package android:name="com.facebook.lite" />
25-->[com.appsflyer:af-android-sdk:6.15.2] AndroidManifest.xml:22:9-53
25-->[com.appsflyer:af-android-sdk:6.15.2] AndroidManifest.xml:22:18-50
26        <package android:name="com.samsung.android.mapsagent" />
26-->[com.appsflyer:af-android-sdk:6.15.2] AndroidManifest.xml:34:9-65
26-->[com.appsflyer:af-android-sdk:6.15.2] AndroidManifest.xml:34:18-62
27    </queries>
28
29    <uses-permission android:name="android.permission.INTERNET" />
29-->[:appsflyer_sdk] AndroidManifest.xml:7:5-67
29-->[:appsflyer_sdk] AndroidManifest.xml:7:22-64
30    <uses-permission android:name="android.permission.ACCESS_NETWORK_STATE" />
30-->[:appsflyer_sdk] AndroidManifest.xml:8:5-79
30-->[:appsflyer_sdk] AndroidManifest.xml:8:22-76
31    <uses-permission android:name="com.google.android.gms.permission.AD_ID" />
31-->[:appsflyer_sdk] AndroidManifest.xml:9:5-79
31-->[:appsflyer_sdk] AndroidManifest.xml:9:22-76
32    <uses-permission android:name="android.permission.WAKE_LOCK" /> <!-- Permissions options for the `notification` group -->
32-->[:firebase_messaging] AndroidManifest.xml:8:5-68
32-->[:firebase_messaging] AndroidManifest.xml:8:22-65
33    <uses-permission android:name="android.permission.POST_NOTIFICATIONS" />
33-->[:firebase_messaging] AndroidManifest.xml:11:5-77
33-->[:firebase_messaging] AndroidManifest.xml:11:22-74
34    <uses-permission android:name="android.permission.VIBRATE" />
34-->[:flutter_local_notifications] AndroidManifest.xml:7:5-66
34-->[:flutter_local_notifications] AndroidManifest.xml:7:22-63
35    <uses-permission android:name="android.permission.ACCESS_ADSERVICES_ATTRIBUTION" /> <!-- Samsung Preload referrer collection -->
35-->[com.appsflyer:af-android-sdk:6.15.2] AndroidManifest.xml:25:5-88
35-->[com.appsflyer:af-android-sdk:6.15.2] AndroidManifest.xml:25:22-85
36    <uses-permission android:name="com.samsung.android.mapsagent.permission.READ_APP_INFO" /> <!-- Needed to interact with Huawei AppGallery ContentProvider -->
36-->[com.appsflyer:af-android-sdk:6.15.2] AndroidManifest.xml:31:5-94
36-->[com.appsflyer:af-android-sdk:6.15.2] AndroidManifest.xml:31:22-91
37    <uses-permission android:name="com.huawei.appmarket.service.commondata.permission.GET_COMMON_DATA" /> <!-- Required by older versions of Google Play services to create IID tokens -->
37-->[com.appsflyer:af-android-sdk:6.15.2] AndroidManifest.xml:38:5-106
37-->[com.appsflyer:af-android-sdk:6.15.2] AndroidManifest.xml:38:22-103
38    <uses-permission android:name="com.google.android.c2dm.permission.RECEIVE" />
38-->[com.google.firebase:firebase-iid:21.1.0] AndroidManifest.xml:26:5-82
38-->[com.google.firebase:firebase-iid:21.1.0] AndroidManifest.xml:26:22-79
39
40    <permission
40-->[androidx.core:core:1.13.1] AndroidManifest.xml:22:5-24:47
41        android:name="com.fivemonkeygames.DYNAMIC_RECEIVER_NOT_EXPORTED_PERMISSION"
41-->[androidx.core:core:1.13.1] AndroidManifest.xml:23:9-81
42        android:protectionLevel="signature" />
42-->[androidx.core:core:1.13.1] AndroidManifest.xml:24:9-44
43
44    <uses-permission android:name="com.fivemonkeygames.DYNAMIC_RECEIVER_NOT_EXPORTED_PERMISSION" />
44-->[androidx.core:core:1.13.1] AndroidManifest.xml:26:5-97
44-->[androidx.core:core:1.13.1] AndroidManifest.xml:26:22-94
45    <uses-permission android:name="com.google.android.finsky.permission.BIND_GET_INSTALL_REFERRER_SERVICE" />
45-->[com.android.installreferrer:installreferrer:2.1] AndroidManifest.xml:9:5-110
45-->[com.android.installreferrer:installreferrer:2.1] AndroidManifest.xml:9:22-107
46
47    <application
48        android:name="android.app.Application"
48-->src\main\AndroidManifest.xml:13:9-42
49        android:allowBackup="true"
49-->[com.appsflyer:af-android-sdk:6.15.2] AndroidManifest.xml:41:9-35
50        android:appComponentFactory="androidx.core.app.CoreComponentFactory"
50-->[androidx.core:core:1.13.1] AndroidManifest.xml:28:18-86
51        android:dataExtractionRules="@xml/appsflyer_data_extraction_rules"
51-->[com.appsflyer:af-android-sdk:6.15.2] AndroidManifest.xml:42:9-75
52        android:extractNativeLibs="true"
53        android:fullBackupContent="@xml/appsflyer_backup_rules"
53-->[com.appsflyer:af-android-sdk:6.15.2] AndroidManifest.xml:43:9-64
54        android:icon="@mipmap/app_icon"
54-->src\main\AndroidManifest.xml:16:9-40
55        android:label="Risk free sports betting"
55-->src\main\AndroidManifest.xml:12:9-49
56        android:roundIcon="@mipmap/round_app_icon"
56-->src\main\AndroidManifest.xml:14:9-51
57        android:usesCleartextTraffic="true" >
57-->src\main\AndroidManifest.xml:15:9-44
58        <activity
58-->src\main\AndroidManifest.xml:18:9-40:20
59            android:name="com.fivemonkeygames.MainActivity"
59-->src\main\AndroidManifest.xml:19:13-41
60            android:configChanges="orientation|keyboardHidden|keyboard|screenSize|smallestScreenSize|locale|layoutDirection|fontScale|screenLayout|density|uiMode"
60-->src\main\AndroidManifest.xml:24:13-163
61            android:enableOnBackInvokedCallback="true"
61-->src\main\AndroidManifest.xml:26:13-55
62            android:exported="true"
62-->src\main\AndroidManifest.xml:21:13-36
63            android:hardwareAccelerated="true"
63-->src\main\AndroidManifest.xml:25:13-47
64            android:launchMode="singleTop"
64-->src\main\AndroidManifest.xml:22:13-43
65            android:screenOrientation="portrait"
65-->src\main\AndroidManifest.xml:20:13-49
66            android:theme="@style/LaunchTheme"
66-->src\main\AndroidManifest.xml:23:13-47
67            android:windowSoftInputMode="adjustResize" >
67-->src\main\AndroidManifest.xml:27:13-55
68
69            <!--
70                 Specifies an Android theme to apply to this Activity as soon as
71                 the Android process has started. This theme is visible to the user
72                 while the Flutter UI initializes. After that, this theme continues
73                 to determine the Window background behind the Flutter UI.
74            -->
75            <meta-data
75-->src\main\AndroidManifest.xml:32:13-35:17
76                android:name="io.flutter.embedding.android.NormalTheme"
76-->src\main\AndroidManifest.xml:33:15-70
77                android:resource="@style/NormalTheme" />
77-->src\main\AndroidManifest.xml:34:15-52
78
79            <intent-filter>
79-->src\main\AndroidManifest.xml:36:13-39:29
80                <action android:name="android.intent.action.MAIN" />
80-->src\main\AndroidManifest.xml:37:17-68
80-->src\main\AndroidManifest.xml:37:25-66
81
82                <category android:name="android.intent.category.LAUNCHER" />
82-->src\main\AndroidManifest.xml:38:17-76
82-->src\main\AndroidManifest.xml:38:27-74
83            </intent-filter>
84        </activity>
85        <!--
86             Don't delete the meta-data below.
87             This is used by the Flutter tool to generate GeneratedPluginRegistrant.java
88        -->
89        <meta-data
89-->src\main\AndroidManifest.xml:43:9-45:33
90            android:name="flutterEmbedding"
90-->src\main\AndroidManifest.xml:44:13-44
91            android:value="2" />
91-->src\main\AndroidManifest.xml:45:13-30
92        <meta-data
92-->src\main\AndroidManifest.xml:46:9-49:11
93            android:name="io.flutter.embedding.android.SplashScreenDrawable"
93-->src\main\AndroidManifest.xml:47:9-73
94            android:resource="@drawable/launch_background" />
94-->src\main\AndroidManifest.xml:48:9-55
95        <meta-data
96            android:name="com.google.firebase.messaging.default_notification_channel_id"
96-->src\main\AndroidManifest.xml:52:12-88
97            android:value="android.app.Application" />
97-->src\main\AndroidManifest.xml:53:12-46
98
99        <service
99-->[:firebase_messaging] AndroidManifest.xml:14:9-17:72
100            android:name="io.flutter.plugins.firebase.messaging.FlutterFirebaseMessagingBackgroundService"
100-->[:firebase_messaging] AndroidManifest.xml:15:13-107
101            android:exported="false"
101-->[:firebase_messaging] AndroidManifest.xml:16:13-37
102            android:permission="android.permission.BIND_JOB_SERVICE" />
102-->[:firebase_messaging] AndroidManifest.xml:17:13-69
103        <service
103-->[:firebase_messaging] AndroidManifest.xml:18:9-24:19
104            android:name="io.flutter.plugins.firebase.messaging.FlutterFirebaseMessagingService"
104-->[:firebase_messaging] AndroidManifest.xml:19:13-97
105            android:exported="false" >
105-->[:firebase_messaging] AndroidManifest.xml:20:13-37
106            <intent-filter>
106-->[:firebase_messaging] AndroidManifest.xml:21:13-23:29
107                <action android:name="com.google.firebase.MESSAGING_EVENT" />
107-->[:firebase_messaging] AndroidManifest.xml:22:17-78
107-->[:firebase_messaging] AndroidManifest.xml:22:25-75
108            </intent-filter>
109        </service>
110
111        <receiver
111-->[:firebase_messaging] AndroidManifest.xml:26:9-33:20
112            android:name="io.flutter.plugins.firebase.messaging.FlutterFirebaseMessagingReceiver"
112-->[:firebase_messaging] AndroidManifest.xml:27:13-98
113            android:exported="true"
113-->[:firebase_messaging] AndroidManifest.xml:28:13-36
114            android:permission="com.google.android.c2dm.permission.SEND" >
114-->[:firebase_messaging] AndroidManifest.xml:29:13-73
115            <intent-filter>
115-->[:firebase_messaging] AndroidManifest.xml:30:13-32:29
116                <action android:name="com.google.android.c2dm.intent.RECEIVE" />
116-->[:firebase_messaging] AndroidManifest.xml:31:17-81
116-->[:firebase_messaging] AndroidManifest.xml:31:25-78
117            </intent-filter>
118        </receiver>
119
120        <service
120-->[:firebase_messaging] AndroidManifest.xml:35:9-39:19
121            android:name="com.google.firebase.components.ComponentDiscoveryService"
121-->[:firebase_messaging] AndroidManifest.xml:35:18-89
122            android:directBootAware="true"
122-->[com.google.firebase:firebase-common:20.4.3] AndroidManifest.xml:32:13-43
123            android:exported="false" >
123-->[com.google.firebase:firebase-iid:21.1.0] AndroidManifest.xml:31:13-37
124            <meta-data
124-->[:firebase_messaging] AndroidManifest.xml:36:13-38:85
125                android:name="com.google.firebase.components:io.flutter.plugins.firebase.messaging.FlutterFirebaseAppRegistrar"
125-->[:firebase_messaging] AndroidManifest.xml:37:17-128
126                android:value="com.google.firebase.components.ComponentRegistrar" />
126-->[:firebase_messaging] AndroidManifest.xml:38:17-82
127            <meta-data
127-->[:firebase_core] AndroidManifest.xml:9:13-11:85
128                android:name="com.google.firebase.components:io.flutter.plugins.firebase.core.FlutterFirebaseCoreRegistrar"
128-->[:firebase_core] AndroidManifest.xml:10:17-124
129                android:value="com.google.firebase.components.ComponentRegistrar" />
129-->[:firebase_core] AndroidManifest.xml:11:17-82
130            <meta-data
130-->[com.google.firebase:firebase-iid:21.1.0] AndroidManifest.xml:32:13-34:85
131                android:name="com.google.firebase.components:com.google.firebase.iid.Registrar"
131-->[com.google.firebase:firebase-iid:21.1.0] AndroidManifest.xml:33:17-96
132                android:value="com.google.firebase.components.ComponentRegistrar" />
132-->[com.google.firebase:firebase-iid:21.1.0] AndroidManifest.xml:34:17-82
133            <meta-data
133-->[com.google.firebase:firebase-messaging:23.4.1] AndroidManifest.xml:57:13-59:85
134                android:name="com.google.firebase.components:com.google.firebase.messaging.FirebaseMessagingKtxRegistrar"
134-->[com.google.firebase:firebase-messaging:23.4.1] AndroidManifest.xml:58:17-122
135                android:value="com.google.firebase.components.ComponentRegistrar" />
135-->[com.google.firebase:firebase-messaging:23.4.1] AndroidManifest.xml:59:17-82
136            <meta-data
136-->[com.google.firebase:firebase-messaging:23.4.1] AndroidManifest.xml:60:13-62:85
137                android:name="com.google.firebase.components:com.google.firebase.messaging.FirebaseMessagingRegistrar"
137-->[com.google.firebase:firebase-messaging:23.4.1] AndroidManifest.xml:61:17-119
138                android:value="com.google.firebase.components.ComponentRegistrar" />
138-->[com.google.firebase:firebase-messaging:23.4.1] AndroidManifest.xml:62:17-82
139            <meta-data
139-->[com.google.firebase:firebase-installations:17.2.0] AndroidManifest.xml:15:13-17:85
140                android:name="com.google.firebase.components:com.google.firebase.installations.FirebaseInstallationsKtxRegistrar"
140-->[com.google.firebase:firebase-installations:17.2.0] AndroidManifest.xml:16:17-130
141                android:value="com.google.firebase.components.ComponentRegistrar" />
141-->[com.google.firebase:firebase-installations:17.2.0] AndroidManifest.xml:17:17-82
142            <meta-data
142-->[com.google.firebase:firebase-installations:17.2.0] AndroidManifest.xml:18:13-20:85
143                android:name="com.google.firebase.components:com.google.firebase.installations.FirebaseInstallationsRegistrar"
143-->[com.google.firebase:firebase-installations:17.2.0] AndroidManifest.xml:19:17-127
144                android:value="com.google.firebase.components.ComponentRegistrar" />
144-->[com.google.firebase:firebase-installations:17.2.0] AndroidManifest.xml:20:17-82
145            <meta-data
145-->[com.google.firebase:firebase-common-ktx:20.4.3] AndroidManifest.xml:12:13-14:85
146                android:name="com.google.firebase.components:com.google.firebase.ktx.FirebaseCommonLegacyRegistrar"
146-->[com.google.firebase:firebase-common-ktx:20.4.3] AndroidManifest.xml:13:17-116
147                android:value="com.google.firebase.components.ComponentRegistrar" />
147-->[com.google.firebase:firebase-common-ktx:20.4.3] AndroidManifest.xml:14:17-82
148            <meta-data
148-->[com.google.firebase:firebase-common:20.4.3] AndroidManifest.xml:35:13-37:85
149                android:name="com.google.firebase.components:com.google.firebase.FirebaseCommonKtxRegistrar"
149-->[com.google.firebase:firebase-common:20.4.3] AndroidManifest.xml:36:17-109
150                android:value="com.google.firebase.components.ComponentRegistrar" />
150-->[com.google.firebase:firebase-common:20.4.3] AndroidManifest.xml:37:17-82
151            <meta-data
151-->[com.google.firebase:firebase-datatransport:18.1.7] AndroidManifest.xml:27:13-29:85
152                android:name="com.google.firebase.components:com.google.firebase.datatransport.TransportRegistrar"
152-->[com.google.firebase:firebase-datatransport:18.1.7] AndroidManifest.xml:28:17-115
153                android:value="com.google.firebase.components.ComponentRegistrar" />
153-->[com.google.firebase:firebase-datatransport:18.1.7] AndroidManifest.xml:29:17-82
154        </service>
155
156        <provider
156-->[:firebase_messaging] AndroidManifest.xml:41:9-45:38
157            android:name="io.flutter.plugins.firebase.messaging.FlutterFirebaseMessagingInitProvider"
157-->[:firebase_messaging] AndroidManifest.xml:42:13-102
158            android:authorities="com.fivemonkeygames.flutterfirebasemessaginginitprovider"
158-->[:firebase_messaging] AndroidManifest.xml:43:13-88
159            android:exported="false"
159-->[:firebase_messaging] AndroidManifest.xml:44:13-37
160            android:initOrder="99" />
160-->[:firebase_messaging] AndroidManifest.xml:45:13-35
161
162        <activity
162-->[:url_launcher_android] AndroidManifest.xml:8:9-11:74
163            android:name="io.flutter.plugins.urllauncher.WebViewActivity"
163-->[:url_launcher_android] AndroidManifest.xml:9:13-74
164            android:exported="false"
164-->[:url_launcher_android] AndroidManifest.xml:10:13-37
165            android:theme="@android:style/Theme.NoTitleBar.Fullscreen" />
165-->[:url_launcher_android] AndroidManifest.xml:11:13-71
166
167        <receiver
167-->[com.google.firebase:firebase-messaging:23.4.1] AndroidManifest.xml:29:9-40:20
168            android:name="com.google.firebase.iid.FirebaseInstanceIdReceiver"
168-->[com.google.firebase:firebase-messaging:23.4.1] AndroidManifest.xml:30:13-78
169            android:exported="true"
169-->[com.google.firebase:firebase-messaging:23.4.1] AndroidManifest.xml:31:13-36
170            android:permission="com.google.android.c2dm.permission.SEND" >
170-->[com.google.firebase:firebase-messaging:23.4.1] AndroidManifest.xml:32:13-73
171            <intent-filter>
171-->[:firebase_messaging] AndroidManifest.xml:30:13-32:29
172                <action android:name="com.google.android.c2dm.intent.RECEIVE" />
172-->[:firebase_messaging] AndroidManifest.xml:31:17-81
172-->[:firebase_messaging] AndroidManifest.xml:31:25-78
173            </intent-filter>
174
175            <meta-data
175-->[com.google.firebase:firebase-messaging:23.4.1] AndroidManifest.xml:37:13-39:40
176                android:name="com.google.android.gms.cloudmessaging.FINISHED_AFTER_HANDLED"
176-->[com.google.firebase:firebase-messaging:23.4.1] AndroidManifest.xml:38:17-92
177                android:value="true" />
177-->[com.google.firebase:firebase-messaging:23.4.1] AndroidManifest.xml:39:17-37
178        </receiver>
179        <!--
180             FirebaseMessagingService performs security checks at runtime,
181             but set to not exported to explicitly avoid allowing another app to call it.
182        -->
183        <service
183-->[com.google.firebase:firebase-messaging:23.4.1] AndroidManifest.xml:46:9-53:19
184            android:name="com.google.firebase.messaging.FirebaseMessagingService"
184-->[com.google.firebase:firebase-messaging:23.4.1] AndroidManifest.xml:47:13-82
185            android:directBootAware="true"
185-->[com.google.firebase:firebase-messaging:23.4.1] AndroidManifest.xml:48:13-43
186            android:exported="false" >
186-->[com.google.firebase:firebase-messaging:23.4.1] AndroidManifest.xml:49:13-37
187            <intent-filter android:priority="-500" >
187-->[:firebase_messaging] AndroidManifest.xml:21:13-23:29
188                <action android:name="com.google.firebase.MESSAGING_EVENT" />
188-->[:firebase_messaging] AndroidManifest.xml:22:17-78
188-->[:firebase_messaging] AndroidManifest.xml:22:25-75
189            </intent-filter>
190        </service>
191
192        <uses-library
192-->[androidx.window:window:1.2.0] AndroidManifest.xml:23:9-25:40
193            android:name="androidx.window.extensions"
193-->[androidx.window:window:1.2.0] AndroidManifest.xml:24:13-54
194            android:required="false" />
194-->[androidx.window:window:1.2.0] AndroidManifest.xml:25:13-37
195        <uses-library
195-->[androidx.window:window:1.2.0] AndroidManifest.xml:26:9-28:40
196            android:name="androidx.window.sidecar"
196-->[androidx.window:window:1.2.0] AndroidManifest.xml:27:13-51
197            android:required="false" />
197-->[androidx.window:window:1.2.0] AndroidManifest.xml:28:13-37
198
199        <activity
199-->[com.google.android.gms:play-services-base:18.0.1] AndroidManifest.xml:20:9-22:45
200            android:name="com.google.android.gms.common.api.GoogleApiActivity"
200-->[com.google.android.gms:play-services-base:18.0.1] AndroidManifest.xml:20:19-85
201            android:exported="false"
201-->[com.google.android.gms:play-services-base:18.0.1] AndroidManifest.xml:22:19-43
202            android:theme="@android:style/Theme.Translucent.NoTitleBar" />
202-->[com.google.android.gms:play-services-base:18.0.1] AndroidManifest.xml:21:19-78
203
204        <provider
204-->[com.google.firebase:firebase-common:20.4.3] AndroidManifest.xml:23:9-28:39
205            android:name="com.google.firebase.provider.FirebaseInitProvider"
205-->[com.google.firebase:firebase-common:20.4.3] AndroidManifest.xml:24:13-77
206            android:authorities="com.fivemonkeygames.firebaseinitprovider"
206-->[com.google.firebase:firebase-common:20.4.3] AndroidManifest.xml:25:13-72
207            android:directBootAware="true"
207-->[com.google.firebase:firebase-common:20.4.3] AndroidManifest.xml:26:13-43
208            android:exported="false"
208-->[com.google.firebase:firebase-common:20.4.3] AndroidManifest.xml:27:13-37
209            android:initOrder="100" />
209-->[com.google.firebase:firebase-common:20.4.3] AndroidManifest.xml:28:13-36
210
211        <meta-data
211-->[com.google.android.gms:play-services-basement:18.3.0] AndroidManifest.xml:21:9-23:69
212            android:name="com.google.android.gms.version"
212-->[com.google.android.gms:play-services-basement:18.3.0] AndroidManifest.xml:22:13-58
213            android:value="@integer/google_play_services_version" />
213-->[com.google.android.gms:play-services-basement:18.3.0] AndroidManifest.xml:23:13-66
214
215        <provider
215-->[androidx.lifecycle:lifecycle-process:2.7.0] AndroidManifest.xml:24:9-32:20
216            android:name="androidx.startup.InitializationProvider"
216-->[androidx.lifecycle:lifecycle-process:2.7.0] AndroidManifest.xml:25:13-67
217            android:authorities="com.fivemonkeygames.androidx-startup"
217-->[androidx.lifecycle:lifecycle-process:2.7.0] AndroidManifest.xml:26:13-68
218            android:exported="false" >
218-->[androidx.lifecycle:lifecycle-process:2.7.0] AndroidManifest.xml:27:13-37
219            <meta-data
219-->[androidx.lifecycle:lifecycle-process:2.7.0] AndroidManifest.xml:29:13-31:52
220                android:name="androidx.lifecycle.ProcessLifecycleInitializer"
220-->[androidx.lifecycle:lifecycle-process:2.7.0] AndroidManifest.xml:30:17-78
221                android:value="androidx.startup" />
221-->[androidx.lifecycle:lifecycle-process:2.7.0] AndroidManifest.xml:31:17-49
222            <meta-data
222-->[androidx.profileinstaller:profileinstaller:1.3.1] AndroidManifest.xml:29:13-31:52
223                android:name="androidx.profileinstaller.ProfileInstallerInitializer"
223-->[androidx.profileinstaller:profileinstaller:1.3.1] AndroidManifest.xml:30:17-85
224                android:value="androidx.startup" />
224-->[androidx.profileinstaller:profileinstaller:1.3.1] AndroidManifest.xml:31:17-49
225        </provider>
226
227        <receiver
227-->[androidx.profileinstaller:profileinstaller:1.3.1] AndroidManifest.xml:34:9-52:20
228            android:name="androidx.profileinstaller.ProfileInstallReceiver"
228-->[androidx.profileinstaller:profileinstaller:1.3.1] AndroidManifest.xml:35:13-76
229            android:directBootAware="false"
229-->[androidx.profileinstaller:profileinstaller:1.3.1] AndroidManifest.xml:36:13-44
230            android:enabled="true"
230-->[androidx.profileinstaller:profileinstaller:1.3.1] AndroidManifest.xml:37:13-35
231            android:exported="true"
231-->[androidx.profileinstaller:profileinstaller:1.3.1] AndroidManifest.xml:38:13-36
232            android:permission="android.permission.DUMP" >
232-->[androidx.profileinstaller:profileinstaller:1.3.1] AndroidManifest.xml:39:13-57
233            <intent-filter>
233-->[androidx.profileinstaller:profileinstaller:1.3.1] AndroidManifest.xml:40:13-42:29
234                <action android:name="androidx.profileinstaller.action.INSTALL_PROFILE" />
234-->[androidx.profileinstaller:profileinstaller:1.3.1] AndroidManifest.xml:41:17-91
234-->[androidx.profileinstaller:profileinstaller:1.3.1] AndroidManifest.xml:41:25-88
235            </intent-filter>
236            <intent-filter>
236-->[androidx.profileinstaller:profileinstaller:1.3.1] AndroidManifest.xml:43:13-45:29
237                <action android:name="androidx.profileinstaller.action.SKIP_FILE" />
237-->[androidx.profileinstaller:profileinstaller:1.3.1] AndroidManifest.xml:44:17-85
237-->[androidx.profileinstaller:profileinstaller:1.3.1] AndroidManifest.xml:44:25-82
238            </intent-filter>
239            <intent-filter>
239-->[androidx.profileinstaller:profileinstaller:1.3.1] AndroidManifest.xml:46:13-48:29
240                <action android:name="androidx.profileinstaller.action.SAVE_PROFILE" />
240-->[androidx.profileinstaller:profileinstaller:1.3.1] AndroidManifest.xml:47:17-88
240-->[androidx.profileinstaller:profileinstaller:1.3.1] AndroidManifest.xml:47:25-85
241            </intent-filter>
242            <intent-filter>
242-->[androidx.profileinstaller:profileinstaller:1.3.1] AndroidManifest.xml:49:13-51:29
243                <action android:name="androidx.profileinstaller.action.BENCHMARK_OPERATION" />
243-->[androidx.profileinstaller:profileinstaller:1.3.1] AndroidManifest.xml:50:17-95
243-->[androidx.profileinstaller:profileinstaller:1.3.1] AndroidManifest.xml:50:25-92
244            </intent-filter>
245        </receiver>
246
247        <service
247-->[com.google.android.datatransport:transport-backend-cct:3.1.8] AndroidManifest.xml:28:9-34:19
248            android:name="com.google.android.datatransport.runtime.backends.TransportBackendDiscovery"
248-->[com.google.android.datatransport:transport-backend-cct:3.1.8] AndroidManifest.xml:29:13-103
249            android:exported="false" >
249-->[com.google.android.datatransport:transport-backend-cct:3.1.8] AndroidManifest.xml:30:13-37
250            <meta-data
250-->[com.google.android.datatransport:transport-backend-cct:3.1.8] AndroidManifest.xml:31:13-33:39
251                android:name="backend:com.google.android.datatransport.cct.CctBackendFactory"
251-->[com.google.android.datatransport:transport-backend-cct:3.1.8] AndroidManifest.xml:32:17-94
252                android:value="cct" />
252-->[com.google.android.datatransport:transport-backend-cct:3.1.8] AndroidManifest.xml:33:17-36
253        </service>
254        <service
254-->[com.google.android.datatransport:transport-runtime:3.1.8] AndroidManifest.xml:26:9-30:19
255            android:name="com.google.android.datatransport.runtime.scheduling.jobscheduling.JobInfoSchedulerService"
255-->[com.google.android.datatransport:transport-runtime:3.1.8] AndroidManifest.xml:27:13-117
256            android:exported="false"
256-->[com.google.android.datatransport:transport-runtime:3.1.8] AndroidManifest.xml:28:13-37
257            android:permission="android.permission.BIND_JOB_SERVICE" >
257-->[com.google.android.datatransport:transport-runtime:3.1.8] AndroidManifest.xml:29:13-69
258        </service>
259
260        <receiver
260-->[com.google.android.datatransport:transport-runtime:3.1.8] AndroidManifest.xml:32:9-34:40
261            android:name="com.google.android.datatransport.runtime.scheduling.jobscheduling.AlarmManagerSchedulerBroadcastReceiver"
261-->[com.google.android.datatransport:transport-runtime:3.1.8] AndroidManifest.xml:33:13-132
262            android:exported="false" />
262-->[com.google.android.datatransport:transport-runtime:3.1.8] AndroidManifest.xml:34:13-37
263    </application>
264
265</manifest>